  AssemblyInfo.cpp
c:\users\reza\desktop\load cell project\mhp and loadcell code\atidaq\assemblyinfo.cpp(3): error C2653: 'System': is not a class or namespace name
c:\users\reza\desktop\load cell project\mhp and loadcell code\atidaq\assemblyinfo.cpp(3): error C2871: 'Reflection': a namespace with this name does not exist
c:\users\reza\desktop\load cell project\mhp and loadcell code\atidaq\assemblyinfo.cpp(4): error C2653: 'System': is not a class or namespace name
c:\users\reza\desktop\load cell project\mhp and loadcell code\atidaq\assemblyinfo.cpp(4): error C2871: 'CompilerServices': a namespace with this name does not exist
c:\users\reza\desktop\load cell project\mhp and loadcell code\atidaq\assemblyinfo.cpp(11): warning C4467: usage of ATL attributes is deprecated
c:\users\reza\desktop\load cell project\mhp and loadcell code\atidaq\assemblyinfo.cpp(11): error C2337: 'AssemblyTitleAttribute': attribute not found
c:\users\reza\desktop\load cell project\mhp and loadcell code\atidaq\assemblyinfo.cpp(12): error C2337: 'AssemblyDescriptionAttribute': attribute not found
c:\users\reza\desktop\load cell project\mhp and loadcell code\atidaq\assemblyinfo.cpp(13): error C2337: 'AssemblyConfigurationAttribute': attribute not found
c:\users\reza\desktop\load cell project\mhp and loadcell code\atidaq\assemblyinfo.cpp(14): error C2337: 'AssemblyCompanyAttribute': attribute not found
c:\users\reza\desktop\load cell project\mhp and loadcell code\atidaq\assemblyinfo.cpp(15): error C2337: 'AssemblyProductAttribute': attribute not found
c:\users\reza\desktop\load cell project\mhp and loadcell code\atidaq\assemblyinfo.cpp(16): error C2337: 'AssemblyCopyrightAttribute': attribute not found
c:\users\reza\desktop\load cell project\mhp and loadcell code\atidaq\assemblyinfo.cpp(17): error C2337: 'AssemblyTrademarkAttribute': attribute not found
c:\users\reza\desktop\load cell project\mhp and loadcell code\atidaq\assemblyinfo.cpp(18): error C2337: 'AssemblyCultureAttribute': attribute not found
c:\users\reza\desktop\load cell project\mhp and loadcell code\atidaq\assemblyinfo.cpp(31): error C2337: 'AssemblyVersionAttribute': attribute not found
c:\users\reza\desktop\load cell project\mhp and loadcell code\atidaq\assemblyinfo.cpp(55): error C2337: 'AssemblyDelaySignAttribute': attribute not found
c:\users\reza\desktop\load cell project\mhp and loadcell code\atidaq\assemblyinfo.cpp(56): error C2337: 'AssemblyKeyFileAttribute': attribute not found
c:\users\reza\desktop\load cell project\mhp and loadcell code\atidaq\assemblyinfo.cpp(57): error C2337: 'AssemblyKeyNameAttribute': attribute not found
  ATIDAQHardwareInterface.cpp
c:\users\reza\desktop\load cell project\mhp and loadcell code\atidaq\ati_compiler.h(63): fatal error C1190: managed targeted code requires a '/clr' option
  ATICombinedDAQFT.cpp
c:\users\reza\desktop\load cell project\mhp and loadcell code\atidaq\ati_compiler.h(63): fatal error C1190: managed targeted code requires a '/clr' option
  Generating Code...
