DSPFilters.lib(Param.obj) : error LNK2038: mismatch detected for '_ITERATOR_DEBUG_LEVEL': value '0' doesn't match value '2' in Bessel.obj
DSPFilters.lib(Param.obj) : error LNK2038: mismatch detected for 'RuntimeLibrary': value 'MT_StaticRelease' doesn't match value 'MDd_DynamicDebug' in Bessel.obj
DSPFilters.lib(Param.obj) : error LNK2005: "public: __thiscall Dsp::ParamInfo::ParamInfo(void)" (??0ParamInfo@Dsp@@QAE@XZ) already defined in Param.obj
DSPFilters.lib(Param.obj) : error LNK2005: "public: class std::basic_string<char,struct std::char_traits<char>,class std::allocator<char> > __thiscall Dsp::ParamInfo::Db_toString(double)const " (?Db_toString@ParamInfo@Dsp@@QBE?AV?$basic_string@DU?$char_traits@D@std@@V?$allocator@D@2@@std@@N@Z) already defined in Param.obj
DSPFilters.lib(Param.obj) : error LNK2005: "public: class std::basic_string<char,struct std::char_traits<char>,class std::allocator<char> > __thiscall Dsp::ParamInfo::Hz_toString(double)const " (?Hz_toString@ParamInfo@Dsp@@QBE?AV?$basic_string@DU?$char_traits@D@std@@V?$allocator@D@2@@std@@N@Z) already defined in Param.obj
DSPFilters.lib(Param.obj) : error LNK2005: "public: double __thiscall Dsp::ParamInfo::Int_toControlValue(double)const " (?Int_toControlValue@ParamInfo@Dsp@@QBENN@Z) already defined in Param.obj
DSPFilters.lib(Param.obj) : error LNK2005: "public: double __thiscall Dsp::ParamInfo::Int_toNativeValue(double)const " (?Int_toNativeValue@ParamInfo@Dsp@@QBENN@Z) already defined in Param.obj
DSPFilters.lib(Param.obj) : error LNK2005: "public: class std::basic_string<char,struct std::char_traits<char>,class std::allocator<char> > __thiscall Dsp::ParamInfo::Int_toString(double)const " (?Int_toString@ParamInfo@Dsp@@QBE?AV?$basic_string@DU?$char_traits@D@std@@V?$allocator@D@2@@std@@N@Z) already defined in Param.obj
DSPFilters.lib(Param.obj) : error LNK2005: "public: double __thiscall Dsp::ParamInfo::Log_toControlValue(double)const " (?Log_toControlValue@ParamInfo@Dsp@@QBENN@Z) already defined in Param.obj
DSPFilters.lib(Param.obj) : error LNK2005: "public: double __thiscall Dsp::ParamInfo::Log_toNativeValue(double)const " (?Log_toNativeValue@ParamInfo@Dsp@@QBENN@Z) already defined in Param.obj
DSPFilters.lib(Param.obj) : error LNK2005: "public: double __thiscall Dsp::ParamInfo::Pow2_toControlValue(double)const " (?Pow2_toControlValue@ParamInfo@Dsp@@QBENN@Z) already defined in Param.obj
DSPFilters.lib(Param.obj) : error LNK2005: "public: double __thiscall Dsp::ParamInfo::Pow2_toNativeValue(double)const " (?Pow2_toNativeValue@ParamInfo@Dsp@@QBENN@Z) already defined in Param.obj
DSPFilters.lib(Param.obj) : error LNK2005: "public: double __thiscall Dsp::ParamInfo::Real_toControlValue(double)const " (?Real_toControlValue@ParamInfo@Dsp@@QBENN@Z) already defined in Param.obj
DSPFilters.lib(Param.obj) : error LNK2005: "public: double __thiscall Dsp::ParamInfo::Real_toNativeValue(double)const " (?Real_toNativeValue@ParamInfo@Dsp@@QBENN@Z) already defined in Param.obj
DSPFilters.lib(Param.obj) : error LNK2005: "public: class std::basic_string<char,struct std::char_traits<char>,class std::allocator<char> > __thiscall Dsp::ParamInfo::Real_toString(double)const " (?Real_toString@ParamInfo@Dsp@@QBE?AV?$basic_string@DU?$char_traits@D@std@@V?$allocator@D@2@@std@@N@Z) already defined in Param.obj
DSPFilters.lib(Param.obj) : error LNK2005: "public: double __thiscall Dsp::ParamInfo::clamp(double)const " (?clamp@ParamInfo@Dsp@@QBENN@Z) already defined in Param.obj
DSPFilters.lib(Param.obj) : error LNK2005: "public: static class Dsp::ParamInfo __cdecl Dsp::ParamInfo::defaultBandwidthHzParam(void)" (?defaultBandwidthHzParam@ParamInfo@Dsp@@SA?AV12@XZ) already defined in Param.obj
DSPFilters.lib(Param.obj) : error LNK2005: "public: static class Dsp::ParamInfo __cdecl Dsp::ParamInfo::defaultBandwidthParam(void)" (?defaultBandwidthParam@ParamInfo@Dsp@@SA?AV12@XZ) already defined in Param.obj
DSPFilters.lib(Param.obj) : error LNK2005: "public: static class Dsp::ParamInfo __cdecl Dsp::ParamInfo::defaultCenterFrequencyParam(void)" (?defaultCenterFrequencyParam@ParamInfo@Dsp@@SA?AV12@XZ) already defined in Param.obj
DSPFilters.lib(Param.obj) : error LNK2005: "public: static class Dsp::ParamInfo __cdecl Dsp::ParamInfo::defaultCutoffFrequencyParam(void)" (?defaultCutoffFrequencyParam@ParamInfo@Dsp@@SA?AV12@XZ) already defined in Param.obj
DSPFilters.lib(Param.obj) : error LNK2005: "public: static class Dsp::ParamInfo __cdecl Dsp::ParamInfo::defaultGainParam(void)" (?defaultGainParam@ParamInfo@Dsp@@SA?AV12@XZ) already defined in Param.obj
DSPFilters.lib(Param.obj) : error LNK2005: "public: static class Dsp::ParamInfo __cdecl Dsp::ParamInfo::defaultPoleRealParam(void)" (?defaultPoleRealParam@ParamInfo@Dsp@@SA?AV12@XZ) already defined in Param.obj
DSPFilters.lib(Param.obj) : error LNK2005: "public: static class Dsp::ParamInfo __cdecl Dsp::ParamInfo::defaultPoleRhoParam(void)" (?defaultPoleRhoParam@ParamInfo@Dsp@@SA?AV12@XZ) already defined in Param.obj
DSPFilters.lib(Param.obj) : error LNK2005: "public: static class Dsp::ParamInfo __cdecl Dsp::ParamInfo::defaultPoleThetaParam(void)" (?defaultPoleThetaParam@ParamInfo@Dsp@@SA?AV12@XZ) already defined in Param.obj
DSPFilters.lib(Param.obj) : error LNK2005: "public: static class Dsp::ParamInfo __cdecl Dsp::ParamInfo::defaultQParam(void)" (?defaultQParam@ParamInfo@Dsp@@SA?AV12@XZ) already defined in Param.obj
DSPFilters.lib(Param.obj) : error LNK2005: "public: static class Dsp::ParamInfo __cdecl Dsp::ParamInfo::defaultRippleDbParam(void)" (?defaultRippleDbParam@ParamInfo@Dsp@@SA?AV12@XZ) already defined in Param.obj
DSPFilters.lib(Param.obj) : error LNK2005: "public: static class Dsp::ParamInfo __cdecl Dsp::ParamInfo::defaultRolloffParam(void)" (?defaultRolloffParam@ParamInfo@Dsp@@SA?AV12@XZ) already defined in Param.obj
DSPFilters.lib(Param.obj) : error LNK2005: "public: static class Dsp::ParamInfo __cdecl Dsp::ParamInfo::defaultSampleRateParam(void)" (?defaultSampleRateParam@ParamInfo@Dsp@@SA?AV12@XZ) already defined in Param.obj
DSPFilters.lib(Param.obj) : error LNK2005: "public: static class Dsp::ParamInfo __cdecl Dsp::ParamInfo::defaultSlopeParam(void)" (?defaultSlopeParam@ParamInfo@Dsp@@SA?AV12@XZ) already defined in Param.obj
DSPFilters.lib(Param.obj) : error LNK2005: "public: static class Dsp::ParamInfo __cdecl Dsp::ParamInfo::defaultStopDbParam(void)" (?defaultStopDbParam@ParamInfo@Dsp@@SA?AV12@XZ) already defined in Param.obj
DSPFilters.lib(Param.obj) : error LNK2005: "public: static class Dsp::ParamInfo __cdecl Dsp::ParamInfo::defaultZeroRealParam(void)" (?defaultZeroRealParam@ParamInfo@Dsp@@SA?AV12@XZ) already defined in Param.obj
DSPFilters.lib(Param.obj) : error LNK2005: "public: static class Dsp::ParamInfo __cdecl Dsp::ParamInfo::defaultZeroRhoParam(void)" (?defaultZeroRhoParam@ParamInfo@Dsp@@SA?AV12@XZ) already defined in Param.obj
DSPFilters.lib(Param.obj) : error LNK2005: "public: static class Dsp::ParamInfo __cdecl Dsp::ParamInfo::defaultZeroThetaParam(void)" (?defaultZeroThetaParam@ParamInfo@Dsp@@SA?AV12@XZ) already defined in Param.obj
msvcprtd.lib(MSVCP140D.dll) : error LNK2005: "public: bool __thiscall std::ios_base::good(void)const " (?good@ios_base@std@@QBE_NXZ) already defined in DSPFilters.lib(Param.obj)
msvcprtd.lib(MSVCP140D.dll) : error LNK2005: "public: int __thiscall std::ios_base::flags(void)const " (?flags@ios_base@std@@QBEHXZ) already defined in DSPFilters.lib(Param.obj)
msvcprtd.lib(MSVCP140D.dll) : error LNK2005: "public: __int64 __thiscall std::ios_base::width(void)const " (?width@ios_base@std@@QBE_JXZ) already defined in DSPFilters.lib(Param.obj)
msvcprtd.lib(MSVCP140D.dll) : error LNK2005: "public: __int64 __thiscall std::ios_base::width(__int64)" (?width@ios_base@std@@QAE_J_J@Z) already defined in DSPFilters.lib(Param.obj)
msvcprtd.lib(MSVCP140D.dll) : error LNK2005: "protected: __thiscall std::basic_streambuf<char,struct std::char_traits<char> >::basic_streambuf<char,struct std::char_traits<char> >(void)" (??0?$basic_streambuf@DU?$char_traits@D@std@@@std@@IAE@XZ) already defined in DSPFilters.lib(Param.obj)
msvcprtd.lib(MSVCP140D.dll) : error LNK2005: "public: virtual __thiscall std::basic_streambuf<char,struct std::char_traits<char> >::~basic_streambuf<char,struct std::char_traits<char> >(void)" (??1?$basic_streambuf@DU?$char_traits@D@std@@@std@@UAE@XZ) already defined in DSPFilters.lib(Param.obj)
msvcprtd.lib(MSVCP140D.dll) : error LNK2005: "public: int __thiscall std::basic_streambuf<char,struct std::char_traits<char> >::sputc(char)" (?sputc@?$basic_streambuf@DU?$char_traits@D@std@@@std@@QAEHD@Z) already defined in DSPFilters.lib(Param.obj)
msvcprtd.lib(MSVCP140D.dll) : error LNK2005: "public: __int64 __thiscall std::basic_streambuf<char,struct std::char_traits<char> >::sputn(char const *,__int64)" (?sputn@?$basic_streambuf@DU?$char_traits@D@std@@@std@@QAE_JPBD_J@Z) already defined in DSPFilters.lib(Param.obj)
msvcprtd.lib(MSVCP140D.dll) : error LNK2005: "protected: char * __thiscall std::basic_streambuf<char,struct std::char_traits<char> >::eback(void)const " (?eback@?$basic_streambuf@DU?$char_traits@D@std@@@std@@IBEPADXZ) already defined in DSPFilters.lib(Param.obj)
msvcprtd.lib(MSVCP140D.dll) : error LNK2005: "protected: char * __thiscall std::basic_streambuf<char,struct std::char_traits<char> >::gptr(void)const " (?gptr@?$basic_streambuf@DU?$char_traits@D@std@@@std@@IBEPADXZ) already defined in DSPFilters.lib(Param.obj)
msvcprtd.lib(MSVCP140D.dll) : error LNK2005: "protected: char * __thiscall std::basic_streambuf<char,struct std::char_traits<char> >::pbase(void)const " (?pbase@?$basic_streambuf@DU?$char_traits@D@std@@@std@@IBEPADXZ) already defined in DSPFilters.lib(Param.obj)
msvcprtd.lib(MSVCP140D.dll) : error LNK2005: "protected: char * __thiscall std::basic_streambuf<char,struct std::char_traits<char> >::pptr(void)const " (?pptr@?$basic_streambuf@DU?$char_traits@D@std@@@std@@IBEPADXZ) already defined in DSPFilters.lib(Param.obj)
msvcprtd.lib(MSVCP140D.dll) : error LNK2005: "protected: char * __thiscall std::basic_streambuf<char,struct std::char_traits<char> >::egptr(void)const " (?egptr@?$basic_streambuf@DU?$char_traits@D@std@@@std@@IBEPADXZ) already defined in DSPFilters.lib(Param.obj)
msvcprtd.lib(MSVCP140D.dll) : error LNK2005: "protected: void __thiscall std::basic_streambuf<char,struct std::char_traits<char> >::gbump(int)" (?gbump@?$basic_streambuf@DU?$char_traits@D@std@@@std@@IAEXH@Z) already defined in DSPFilters.lib(Param.obj)
msvcprtd.lib(MSVCP140D.dll) : error LNK2005: "protected: void __thiscall std::basic_streambuf<char,struct std::char_traits<char> >::setg(char *,char *,char *)" (?setg@?$basic_streambuf@DU?$char_traits@D@std@@@std@@IAEXPAD00@Z) already defined in DSPFilters.lib(Param.obj)
msvcprtd.lib(MSVCP140D.dll) : error LNK2005: "protected: char * __thiscall std::basic_streambuf<char,struct std::char_traits<char> >::epptr(void)const " (?epptr@?$basic_streambuf@DU?$char_traits@D@std@@@std@@IBEPADXZ) already defined in DSPFilters.lib(Param.obj)
msvcprtd.lib(MSVCP140D.dll) : error LNK2005: "protected: void __thiscall std::basic_streambuf<char,struct std::char_traits<char> >::pbump(int)" (?pbump@?$basic_streambuf@DU?$char_traits@D@std@@@std@@IAEXH@Z) already defined in DSPFilters.lib(Param.obj)
msvcprtd.lib(MSVCP140D.dll) : error LNK2005: "protected: void __thiscall std::basic_streambuf<char,struct std::char_traits<char> >::setp(char *,char *)" (?setp@?$basic_streambuf@DU?$char_traits@D@std@@@std@@IAEXPAD0@Z) already defined in DSPFilters.lib(Param.obj)
msvcprtd.lib(MSVCP140D.dll) : error LNK2005: "protected: void __thiscall std::basic_streambuf<char,struct std::char_traits<char> >::setp(char *,char *,char *)" (?setp@?$basic_streambuf@DU?$char_traits@D@std@@@std@@IAEXPAD00@Z) already defined in DSPFilters.lib(Param.obj)
msvcprtd.lib(MSVCP140D.dll) : error LNK2005: "protected: char * __thiscall std::basic_streambuf<char,struct std::char_traits<char> >::_Pninc(void)" (?_Pninc@?$basic_streambuf@DU?$char_traits@D@std@@@std@@IAEPADXZ) already defined in DSPFilters.lib(Param.obj)
msvcprtd.lib(MSVCP140D.dll) : error LNK2005: "public: virtual __thiscall std::basic_ios<char,struct std::char_traits<char> >::~basic_ios<char,struct std::char_traits<char> >(void)" (??1?$basic_ios@DU?$char_traits@D@std@@@std@@UAE@XZ) already defined in DSPFilters.lib(Param.obj)
msvcprtd.lib(MSVCP140D.dll) : error LNK2005: "public: void __thiscall std::basic_ios<char,struct std::char_traits<char> >::setstate(int,bool)" (?setstate@?$basic_ios@DU?$char_traits@D@std@@@std@@QAEXH_N@Z) already defined in DSPFilters.lib(Param.obj)
msvcprtd.lib(MSVCP140D.dll) : error LNK2005: "public: class std::basic_ostream<char,struct std::char_traits<char> > * __thiscall std::basic_ios<char,struct std::char_traits<char> >::tie(void)const " (?tie@?$basic_ios@DU?$char_traits@D@std@@@std@@QBEPAV?$basic_ostream@DU?$char_traits@D@std@@@2@XZ) already defined in DSPFilters.lib(Param.obj)
msvcprtd.lib(MSVCP140D.dll) : error LNK2005: "public: class std::basic_streambuf<char,struct std::char_traits<char> > * __thiscall std::basic_ios<char,struct std::char_traits<char> >::rdbuf(void)const " (?rdbuf@?$basic_ios@DU?$char_traits@D@std@@@std@@QBEPAV?$basic_streambuf@DU?$char_traits@D@std@@@2@XZ) already defined in DSPFilters.lib(Param.obj)
msvcprtd.lib(MSVCP140D.dll) : error LNK2005: "public: char __thiscall std::basic_ios<char,struct std::char_traits<char> >::fill(void)const " (?fill@?$basic_ios@DU?$char_traits@D@std@@@std@@QBEDXZ) already defined in DSPFilters.lib(Param.obj)
msvcprtd.lib(MSVCP140D.dll) : error LNK2005: "protected: __thiscall std::basic_ios<char,struct std::char_traits<char> >::basic_ios<char,struct std::char_traits<char> >(void)" (??0?$basic_ios@DU?$char_traits@D@std@@@std@@IAE@XZ) already defined in DSPFilters.lib(Param.obj)
msvcprtd.lib(MSVCP140D.dll) : error LNK2005: "public: __thiscall std::basic_ostream<char,struct std::char_traits<char> >::basic_ostream<char,struct std::char_traits<char> >(class std::basic_streambuf<char,struct std::char_traits<char> > *,bool)" (??0?$basic_ostream@DU?$char_traits@D@std@@@std@@QAE@PAV?$basic_streambuf@DU?$char_traits@D@std@@@1@_N@Z) already defined in DSPFilters.lib(Param.obj)
msvcprtd.lib(MSVCP140D.dll) : error LNK2005: "public: virtual __thiscall std::basic_ostream<char,struct std::char_traits<char> >::~basic_ostream<char,struct std::char_traits<char> >(void)" (??1?$basic_ostream@DU?$char_traits@D@std@@@std@@UAE@XZ) already defined in DSPFilters.lib(Param.obj)
msvcprtd.lib(MSVCP140D.dll) : error LNK2005: "public: void __thiscall std::basic_ostream<char,struct std::char_traits<char> >::_Osfx(void)" (?_Osfx@?$basic_ostream@DU?$char_traits@D@std@@@std@@QAEXXZ) already defined in DSPFilters.lib(Param.obj)
msvcprtd.lib(MSVCP140D.dll) : error LNK2005: "public: class std::basic_ostream<char,struct std::char_traits<char> > & __thiscall std::basic_ostream<char,struct std::char_traits<char> >::operator<<(int)" (??6?$basic_ostream@DU?$char_traits@D@std@@@std@@QAEAAV01@H@Z) already defined in DSPFilters.lib(Param.obj)
msvcprtd.lib(MSVCP140D.dll) : error LNK2005: "public: class std::basic_ostream<char,struct std::char_traits<char> > & __thiscall std::basic_ostream<char,struct std::char_traits<char> >::operator<<(double)" (??6?$basic_ostream@DU?$char_traits@D@std@@@std@@QAEAAV01@N@Z) already defined in DSPFilters.lib(Param.obj)
msvcprtd.lib(MSVCP140D.dll) : error LNK2005: "public: class std::basic_ostream<char,struct std::char_traits<char> > & __thiscall std::basic_ostream<char,struct std::char_traits<char> >::flush(void)" (?flush@?$basic_ostream@DU?$char_traits@D@std@@@std@@QAEAAV12@XZ) already defined in DSPFilters.lib(Param.obj)
msvcprtd.lib(MSVCP140D.dll) : error LNK2005: "public: __thiscall std::locale::id::operator unsigned int(void)" (??Bid@locale@std@@QAEIXZ) already defined in DSPFilters.lib(Param.obj)
msvcprtd.lib(MSVCP140D.dll) : error LNK2005: "protected: char * __thiscall std::basic_streambuf<char,struct std::char_traits<char> >::_Gninc(void)" (?_Gninc@?$basic_streambuf@DU?$char_traits@D@std@@@std@@IAEPADXZ) already defined in DSPFilters.lib(Param.obj)
msvcprtd.lib(MSVCP140D.dll) : error LNK2005: "protected: void __thiscall std::basic_streambuf<char,struct std::char_traits<char> >::_Init(void)" (?_Init@?$basic_streambuf@DU?$char_traits@D@std@@@std@@IAEXXZ) already defined in DSPFilters.lib(Param.obj)
msvcprtd.lib(MSVCP140D.dll) : error LNK2005: "public: int __thiscall std::ios_base::setf(int,int)" (?setf@ios_base@std@@QAEHHH@Z) already defined in DSPFilters.lib(Param.obj)
msvcprtd.lib(MSVCP140D.dll) : error LNK2005: "public: class std::basic_ostream<char,struct std::char_traits<char> > & __thiscall std::basic_ostream<char,struct std::char_traits<char> >::operator<<(class std::ios_base & (__cdecl*)(class std::ios_base &))" (??6?$basic_ostream@DU?$char_traits@D@std@@@std@@QAEAAV01@P6AAAVios_base@1@AAV21@@Z@Z) already defined in DSPFilters.lib(Param.obj)
libcpmt.lib(ios.obj) : error LNK2038: mismatch detected for '_ITERATOR_DEBUG_LEVEL': value '0' doesn't match value '2' in Bessel.obj
libcpmt.lib(ios.obj) : error LNK2038: mismatch detected for 'RuntimeLibrary': value 'MT_StaticRelease' doesn't match value 'MDd_DynamicDebug' in Bessel.obj
libcpmt.lib(ios.obj) : error LNK2005: "public: static void __cdecl std::ios_base::_Addstd(class std::ios_base *)" (?_Addstd@ios_base@std@@SAXPAV12@@Z) already defined in msvcprtd.lib(MSVCP140D.dll)
libcpmt.lib(ios.obj) : error LNK2005: "private: static void __cdecl std::ios_base::_Ios_base_dtor(class std::ios_base *)" (?_Ios_base_dtor@ios_base@std@@CAXPAV12@@Z) already defined in msvcprtd.lib(MSVCP140D.dll)
libcpmt.lib(locale0.obj) : error LNK2038: mismatch detected for '_ITERATOR_DEBUG_LEVEL': value '0' doesn't match value '2' in Bessel.obj
libcpmt.lib(locale0.obj) : error LNK2038: mismatch detected for 'RuntimeLibrary': value 'MT_StaticRelease' doesn't match value 'MDd_DynamicDebug' in Bessel.obj
libcpmt.lib(locale0.obj) : error LNK2005: "void __cdecl std::_Facet_Register(class std::_Facet_base *)" (?_Facet_Register@std@@YAXPAV_Facet_base@1@@Z) already defined in msvcprtd.lib(locale0_implib.obj)
libcpmt.lib(locale0.obj) : error LNK2005: "private: static class std::locale::_Locimp * __cdecl std::locale::_Getgloballocale(void)" (?_Getgloballocale@locale@std@@CAPAV_Locimp@12@XZ) already defined in msvcprtd.lib(MSVCP140D.dll)
libcpmt.lib(locale0.obj) : error LNK2005: "private: static class std::locale::_Locimp * __cdecl std::locale::_Init(bool)" (?_Init@locale@std@@CAPAV_Locimp@12@_N@Z) already defined in msvcprtd.lib(MSVCP140D.dll)
libcpmt.lib(locale0.obj) : error LNK2005: "public: static void __cdecl std::_Locinfo::_Locinfo_ctor(class std::_Locinfo *,char const *)" (?_Locinfo_ctor@_Locinfo@std@@SAXPAV12@PBD@Z) already defined in msvcprtd.lib(MSVCP140D.dll)
libcpmt.lib(locale0.obj) : error LNK2005: "public: static void __cdecl std::_Locinfo::_Locinfo_dtor(class std::_Locinfo *)" (?_Locinfo_dtor@_Locinfo@std@@SAXPAV12@@Z) already defined in msvcprtd.lib(MSVCP140D.dll)
libcpmt.lib(iosptrs.obj) : error LNK2038: mismatch detected for '_ITERATOR_DEBUG_LEVEL': value '0' doesn't match value '2' in Bessel.obj
libcpmt.lib(iosptrs.obj) : error LNK2038: mismatch detected for 'RuntimeLibrary': value 'MT_StaticRelease' doesn't match value 'MDd_DynamicDebug' in Bessel.obj
libcpmt.lib(locale.obj) : error LNK2038: mismatch detected for '_ITERATOR_DEBUG_LEVEL': value '0' doesn't match value '2' in Bessel.obj
libcpmt.lib(locale.obj) : error LNK2038: mismatch detected for 'RuntimeLibrary': value 'MT_StaticRelease' doesn't match value 'MDd_DynamicDebug' in Bessel.obj
libcpmt.lib(locale.obj) : error LNK2005: "public: static unsigned int __cdecl std::codecvt<char,char,struct _Mbstatet>::_Getcat(class std::locale::facet const * *,class std::locale const *)" (?_Getcat@?$codecvt@DDU_Mbstatet@@@std@@SAIPAPBVfacet@locale@2@PBV42@@Z) already defined in msvcprtd.lib(MSVCP140D.dll)
libcpmt.lib(locale.obj) : error LNK2005: "public: int __thiscall std::basic_streambuf<char,struct std::char_traits<char> >::sbumpc(void)" (?sbumpc@?$basic_streambuf@DU?$char_traits@D@std@@@std@@QAEHXZ) already defined in msvcprtd.lib(MSVCP140D.dll)
libcpmt.lib(xlock.obj) : error LNK2038: mismatch detected for '_ITERATOR_DEBUG_LEVEL': value '0' doesn't match value '2' in Bessel.obj
libcpmt.lib(xlock.obj) : error LNK2038: mismatch detected for 'RuntimeLibrary': value 'MT_StaticRelease' doesn't match value 'MDd_DynamicDebug' in Bessel.obj
libcpmt.lib(xlock.obj) : error LNK2005: "public: __thiscall std::_Lockit::_Lockit(int)" (??0_Lockit@std@@QAE@H@Z) already defined in msvcprtd.lib(MSVCP140D.dll)
libcpmt.lib(xlock.obj) : error LNK2005: "public: __thiscall std::_Lockit::~_Lockit(void)" (??1_Lockit@std@@QAE@XZ) already defined in msvcprtd.lib(MSVCP140D.dll)
libcpmt.lib(xthrow.obj) : error LNK2038: mismatch detected for '_ITERATOR_DEBUG_LEVEL': value '0' doesn't match value '2' in Bessel.obj
libcpmt.lib(xthrow.obj) : error LNK2038: mismatch detected for 'RuntimeLibrary': value 'MT_StaticRelease' doesn't match value 'MDd_DynamicDebug' in Bessel.obj
libcpmt.lib(xthrow.obj) : error LNK2005: "void __cdecl std::_Xbad_alloc(void)" (?_Xbad_alloc@std@@YAXXZ) already defined in msvcprtd.lib(MSVCP140D.dll)
libcpmt.lib(xthrow.obj) : error LNK2005: "void __cdecl std::_Xlength_error(char const *)" (?_Xlength_error@std@@YAXPBD@Z) already defined in msvcprtd.lib(MSVCP140D.dll)
libcpmt.lib(xthrow.obj) : error LNK2005: "void __cdecl std::_Xout_of_range(char const *)" (?_Xout_of_range@std@@YAXPBD@Z) already defined in msvcprtd.lib(MSVCP140D.dll)
libcpmt.lib(wlocale.obj) : error LNK2038: mismatch detected for '_ITERATOR_DEBUG_LEVEL': value '0' doesn't match value '2' in Bessel.obj
libcpmt.lib(wlocale.obj) : error LNK2038: mismatch detected for 'RuntimeLibrary': value 'MT_StaticRelease' doesn't match value 'MDd_DynamicDebug' in Bessel.obj
libcpmt.lib(xlocale.obj) : error LNK2038: mismatch detected for '_ITERATOR_DEBUG_LEVEL': value '0' doesn't match value '2' in Bessel.obj
libcpmt.lib(xlocale.obj) : error LNK2038: mismatch detected for 'RuntimeLibrary': value 'MT_StaticRelease' doesn't match value 'MDd_DynamicDebug' in Bessel.obj
libcpmt.lib(xlocale.obj) : error LNK2005: "public: int __thiscall std::basic_streambuf<char,struct std::char_traits<char> >::sbumpc(void)" (?sbumpc@?$basic_streambuf@DU?$char_traits@D@std@@@std@@QAEHXZ) already defined in msvcprtd.lib(MSVCP140D.dll)
libcpmt.lib(xdateord.obj) : error LNK2038: mismatch detected for '_ITERATOR_DEBUG_LEVEL': value '0' doesn't match value '2' in Bessel.obj
libcpmt.lib(xdateord.obj) : error LNK2038: mismatch detected for 'RuntimeLibrary': value 'MT_StaticRelease' doesn't match value 'MDd_DynamicDebug' in Bessel.obj
libcpmt.lib(xwctomb.obj) : error LNK2005: __Getcvt already defined in msvcprtd.lib(MSVCP140D.dll)
libcpmt.lib(winapisupp.obj) : error LNK2038: mismatch detected for '_ITERATOR_DEBUG_LEVEL': value '0' doesn't match value '2' in Bessel.obj
libcpmt.lib(winapisupp.obj) : error LNK2038: mismatch detected for 'RuntimeLibrary': value 'MT_StaticRelease' doesn't match value 'MDd_DynamicDebug' in Bessel.obj
libcpmt.lib(StlCompareStringA.obj) : error LNK2038: mismatch detected for '_ITERATOR_DEBUG_LEVEL': value '0' doesn't match value '2' in Bessel.obj
libcpmt.lib(StlCompareStringA.obj) : error LNK2038: mismatch detected for 'RuntimeLibrary': value 'MT_StaticRelease' doesn't match value 'MDd_DynamicDebug' in Bessel.obj
libcpmt.lib(winapinls.obj) : error LNK2038: mismatch detected for '_ITERATOR_DEBUG_LEVEL': value '0' doesn't match value '2' in Bessel.obj
libcpmt.lib(winapinls.obj) : error LNK2038: mismatch detected for 'RuntimeLibrary': value 'MT_StaticRelease' doesn't match value 'MDd_DynamicDebug' in Bessel.obj
libcpmt.lib(StlCompareStringW.obj) : error LNK2038: mismatch detected for '_ITERATOR_DEBUG_LEVEL': value '0' doesn't match value '2' in Bessel.obj
libcpmt.lib(StlCompareStringW.obj) : error LNK2038: mismatch detected for 'RuntimeLibrary': value 'MT_StaticRelease' doesn't match value 'MDd_DynamicDebug' in Bessel.obj
libcpmt.lib(StlLCMapStringW.obj) : error LNK2038: mismatch detected for '_ITERATOR_DEBUG_LEVEL': value '0' doesn't match value '2' in Bessel.obj
libcpmt.lib(StlLCMapStringW.obj) : error LNK2038: mismatch detected for 'RuntimeLibrary': value 'MT_StaticRelease' doesn't match value 'MDd_DynamicDebug' in Bessel.obj
libcpmt.lib(StlLCMapStringA.obj) : error LNK2038: mismatch detected for '_ITERATOR_DEBUG_LEVEL': value '0' doesn't match value '2' in Bessel.obj
libcpmt.lib(StlLCMapStringA.obj) : error LNK2038: mismatch detected for 'RuntimeLibrary': value 'MT_StaticRelease' doesn't match value 'MDd_DynamicDebug' in Bessel.obj
LINK : warning LNK4098: defaultlib 'LIBCMT' conflicts with use of other libs; use /NODEFAULTLIB:library
C:\Users\Reza\Desktop\Load Cell Project\MHP and LoadCell Code\Debug\MyLoadCellInvestigations.exe : fatal error LNK1169: one or more multiply defined symbols found
