d:\github\force_feedback_hexapod_control\loadcell\debug\loadcell.pdb
d:\github\force_feedback_hexapod_control\loadcell\debug\loadcell.idb
d:\github\force_feedback_hexapod_control\loadcell\debug\dom.obj
d:\github\force_feedback_hexapod_control\loadcell\debug\expatls.obj
d:\github\force_feedback_hexapod_control\loadcell\debug\ftconfig.obj
d:\github\force_feedback_hexapod_control\loadcell\debug\ftrt.obj
d:\github\force_feedback_hexapod_control\loadcell\debug\node.obj
d:\github\force_feedback_hexapod_control\loadcell\debug\stack.obj
d:\github\force_feedback_hexapod_control\loadcell\debug\xmlparse.obj
d:\github\force_feedback_hexapod_control\loadcell\debug\xmlrole.obj
d:\github\force_feedback_hexapod_control\loadcell\debug\xmltok.obj
d:\github\force_feedback_hexapod_control\loadcell\debug\loadcellclass.obj
d:\github\force_feedback_hexapod_control\debug\loadcell.lib
d:\github\force_feedback_hexapod_control\debug\loadcell.pdb
d:\github\force_feedback_hexapod_control\loadcell\debug\loadcell.tlog\cl.command.1.tlog
d:\github\force_feedback_hexapod_control\loadcell\debug\loadcell.tlog\cl.read.1.tlog
d:\github\force_feedback_hexapod_control\loadcell\debug\loadcell.tlog\cl.write.1.tlog
d:\github\force_feedback_hexapod_control\loadcell\debug\loadcell.tlog\lib-link.read.1.tlog
d:\github\force_feedback_hexapod_control\loadcell\debug\loadcell.tlog\lib-link.write.1.tlog
d:\github\force_feedback_hexapod_control\loadcell\debug\loadcell.tlog\lib.command.1.tlog
